1tv.live
24h.tv
dzen.ru
ip.ontivi.net
iz.ru
kino.tricolor.tv
kp.ru
lenta.ru
limehd.tv
mk.ru
more.tv
movix.ru
ok.ru
ontvtime.online
ontvtime.ru
premier.one
radiokp.ru
ren.tv
ria.ru
ru-ru.facebook.com
ru.spbtv.com
russian.rt.com
russia-tv.online
rutube.ru
smotret.tv
smotrim.ru
sputnik24.tv
televizorus.com
tsargrad.tv
tv-app.ru
tv-novosti.ru
tvzvezda.ru
vk.ru
vm.ru
wink.ru
www.1tv.ru
www.5-tv.ru
www.debilizator.tv
www.glaz.tv
www.ivi.ru
www.kommersant.ru
www.ntv.ru
www.rt.com
www.tiktok.com
yandex.ru
